<?xml version="1.0" encoding="UTF-8"?>
<testng-results ignored="0" total="1" passed="1" failed="0" skipped="0">
  <reporter-output>
  </reporter-output>
  <suite started-at="2020-11-13T01:32:28Z" name="Default suite" finished-at="2020-11-13T01:32:28Z" duration-ms="39">
    <groups>
    </groups>
    <test started-at="2020-11-13T01:32:28Z" name="Default test" finished-at="2020-11-13T01:32:28Z" duration-ms="39">
      <class name="prueba.Asserts">
        <test-method signature="f()[pri:0, instance:prueba.Asserts@5852c06f]" started-at="2020-11-12T19:32:28Z" name="f" finished-at="2020-11-12T19:32:28Z" duration-ms="14" status="PASS">
          <reporter-output>
          </reporter-output>
        </test-method> <!-- f -->
      </class> <!-- prueba.Asserts -->
    </test> <!-- Default test -->
  </suite> <!-- Default suite -->
</testng-results>
