<?xml version="1.0" encoding="UTF-8"?>
<testng-results ignored="0" total="1" passed="1" failed="0" skipped="0">
  <reporter-output>
  </reporter-output>
  <suite started-at="2020-12-05T18:15:43Z" name="Default suite" finished-at="2020-12-05T18:15:54Z" duration-ms="11008">
    <groups>
    </groups>
    <test started-at="2020-12-05T18:15:43Z" name="Default test" finished-at="2020-12-05T18:15:54Z" duration-ms="11008">
      <class name="loginTest.TC_03_Logout">
        <test-method is-config="true" signature="starWebDriver()[pri:0, instance:loginTest.TC_03_Logout@3fc9dfc5]" started-at="2020-12-05T12:15:43Z" name="starWebDriver" finished-at="2020-12-05T12:15:49Z" duration-ms="5298" status="PASS">
          <reporter-output>
          </reporter-output>
        </test-method> <!-- starWebDriver -->
        <test-method signature="TC_03()[pri:0, instance:loginTest.TC_03_Logout@3fc9dfc5]" started-at="2020-12-05T12:15:49Z" name="TC_03" finished-at="2020-12-05T12:15:54Z" duration-ms="5035" status="PASS">
          <reporter-output>
          </reporter-output>
        </test-method> <!-- TC_03 -->
        <test-method is-config="true" signature="closeDriver()[pri:0, instance:loginTest.TC_03_Logout@3fc9dfc5]" started-at="2020-12-05T12:15:54Z" name="closeDriver" finished-at="2020-12-05T12:15:54Z" duration-ms="624" status="PASS">
          <reporter-output>
          </reporter-output>
        </test-method> <!-- closeDriver -->
      </class> <!-- loginTest.TC_03_Logout -->
    </test> <!-- Default test -->
  </suite> <!-- Default suite -->
</testng-results>
